14:10:11.742 [main] INFO  com.kdt.progmrs.kdt.OrderTester - strings = 
kdt:
  version: "v1.0"
  minimum-order-amount: 12
  support-venders:
    - a
    - b
    - c
    - d
    - e
  description: |- 
    line 1 hello world
    line 2 xxxx
    line 3
14:10:11.745 [main] INFO  com.kdt.progmrs.kdt.OrderTester - version = v1.0
14:10:11.745 [main] INFO  com.kdt.progmrs.kdt.OrderTester - property = 12
14:10:11.745 [main] INFO  com.kdt.progmrs.kdt.OrderTester - support-vendors = null
14:10:11.746 [main] INFO  com.kdt.progmrs.kdt.OrderTester - property2 = [line 1 hello world
line 2 xxxx
line 3]
14:10:11.746 [main] INFO  com.kdt.progmrs.kdt.OrderTester - version1[forBean] = v1.0
14:10:11.746 [main] INFO  com.kdt.progmrs.kdt.OrderTester - minimumOrderAmount[forBean] = 12
14:10:11.746 [main] INFO  com.kdt.progmrs.kdt.OrderTester - supportVendors[forBean] = null
14:10:11.746 [main] INFO  com.kdt.progmrs.kdt.OrderTester - description[forBean] = line 1 hello world
line 2 xxxx
line 3
14:10:11.747 [main] INFO  com.kdt.progmrs.kdt.OrderTester - voucherRepository = com.kdt.progmrs.kdt.voucher.MemoryVoucherRepository@55e8ec2f
14:10:17.402 [main] INFO  com.kdt.progmrs.kdt.OrderTester - strings = 
kdt:
  version: "v1.0"
  minimum-order-amount: 12
  support-venders:
    - a
    - b
    - c
    - d
    - e
  description: |- 
    line 1 hello world
    line 2 xxxx
    line 3
14:10:17.404 [main] INFO  com.kdt.progmrs.kdt.OrderTester - version = v1.0
14:10:17.404 [main] INFO  com.kdt.progmrs.kdt.OrderTester - property = 12
14:10:17.404 [main] INFO  com.kdt.progmrs.kdt.OrderTester - support-vendors = null
14:10:17.405 [main] INFO  com.kdt.progmrs.kdt.OrderTester - property2 = [line 1 hello world
line 2 xxxx
line 3]
14:10:17.406 [main] INFO  com.kdt.progmrs.kdt.OrderTester - version1[forBean] = v1.0
14:10:17.406 [main] INFO  com.kdt.progmrs.kdt.OrderTester - minimumOrderAmount[forBean] = 12
14:10:17.407 [main] INFO  com.kdt.progmrs.kdt.OrderTester - supportVendors[forBean] = null
14:10:17.407 [main] INFO  com.kdt.progmrs.kdt.OrderTester - description[forBean] = line 1 hello world
line 2 xxxx
line 3
14:10:17.407 [main] INFO  com.kdt.progmrs.kdt.OrderTester - voucherRepository = com.kdt.progmrs.kdt.voucher.MemoryVoucherRepository@2e54db99
14:10:23.805 [main] INFO  com.kdt.progmrs.kdt.OrderTester - strings = 
kdt:
  version: "v1.0"
  minimum-order-amount: 12
  support-venders:
    - a
    - b
    - c
    - d
    - e
  description: |- 
    line 1 hello world
    line 2 xxxx
    line 3
14:10:23.806 [main] INFO  com.kdt.progmrs.kdt.OrderTester - version = v1.0
14:10:23.806 [main] INFO  com.kdt.progmrs.kdt.OrderTester - property = 12
14:10:23.806 [main] INFO  com.kdt.progmrs.kdt.OrderTester - support-vendors = null
14:10:23.806 [main] INFO  com.kdt.progmrs.kdt.OrderTester - property2 = [line 1 hello world
line 2 xxxx
line 3]
14:10:23.807 [main] INFO  com.kdt.progmrs.kdt.OrderTester - version1[forBean] = v1.0
14:10:23.807 [main] INFO  com.kdt.progmrs.kdt.OrderTester - minimumOrderAmount[forBean] = 12
14:10:23.807 [main] INFO  com.kdt.progmrs.kdt.OrderTester - supportVendors[forBean] = null
14:10:23.807 [main] INFO  com.kdt.progmrs.kdt.OrderTester - description[forBean] = line 1 hello world
line 2 xxxx
line 3
14:10:23.808 [main] INFO  com.kdt.progmrs.kdt.OrderTester - voucherRepository = com.kdt.progmrs.kdt.voucher.MemoryVoucherRepository@2e54db99
14:11:21.637 [main] INFO  com.kdt.progmrs.kdt.OrderTester - strings = 
kdt:
  version: "v1.0"
  minimum-order-amount: 12
  support-venders:
    - a
    - b
    - c
    - d
    - e
  description: |- 
    line 1 hello world
    line 2 xxxx
    line 3
14:11:21.637 [main] INFO  com.kdt.progmrs.kdt.OrderTester - version = v1.0
14:11:21.638 [main] INFO  com.kdt.progmrs.kdt.OrderTester - property = 12
14:11:21.638 [main] INFO  com.kdt.progmrs.kdt.OrderTester - support-vendors = null
14:11:21.638 [main] INFO  com.kdt.progmrs.kdt.OrderTester - property2 = [line 1 hello world
line 2 xxxx
line 3]
14:11:21.639 [main] INFO  com.kdt.progmrs.kdt.OrderTester - version1[forBean] = v1.0
14:11:21.640 [main] INFO  com.kdt.progmrs.kdt.OrderTester - minimumOrderAmount[forBean] = 12
14:11:21.640 [main] INFO  com.kdt.progmrs.kdt.OrderTester - supportVendors[forBean] = null
14:11:21.640 [main] INFO  com.kdt.progmrs.kdt.OrderTester - description[forBean] = line 1 hello world
line 2 xxxx
line 3
14:11:21.640 [main] INFO  com.kdt.progmrs.kdt.OrderTester - voucherRepository = com.kdt.progmrs.kdt.voucher.MemoryVoucherRepository@2e54db99
14:11:26.546 [main] INFO  com.kdt.progmrs.kdt.OrderTester - strings = 
kdt:
  version: "v1.0"
  minimum-order-amount: 12
  support-venders:
    - a
    - b
    - c
    - d
    - e
  description: |- 
    line 1 hello world
    line 2 xxxx
    line 3
14:11:26.547 [main] INFO  com.kdt.progmrs.kdt.OrderTester - version = v1.0
14:11:26.547 [main] INFO  com.kdt.progmrs.kdt.OrderTester - property = 12
14:11:26.547 [main] INFO  com.kdt.progmrs.kdt.OrderTester - support-vendors = null
14:11:26.547 [main] INFO  com.kdt.progmrs.kdt.OrderTester - property2 = [line 1 hello world
line 2 xxxx
line 3]
14:11:26.548 [main] INFO  com.kdt.progmrs.kdt.OrderTester - version1[forBean] = v1.0
14:11:26.548 [main] INFO  com.kdt.progmrs.kdt.OrderTester - minimumOrderAmount[forBean] = 12
14:11:26.548 [main] INFO  com.kdt.progmrs.kdt.OrderTester - supportVendors[forBean] = null
14:11:26.548 [main] INFO  com.kdt.progmrs.kdt.OrderTester - description[forBean] = line 1 hello world
line 2 xxxx
line 3
14:11:26.548 [main] INFO  com.kdt.progmrs.kdt.OrderTester - voucherRepository = com.kdt.progmrs.kdt.voucher.MemoryVoucherRepository@2e54db99
14:11:34.681 [main] INFO  com.kdt.progmrs.kdt.OrderTester - strings = 
kdt:
  version: "v1.0"
  minimum-order-amount: 12
  support-venders:
    - a
    - b
    - c
    - d
    - e
  description: |- 
    line 1 hello world
    line 2 xxxx
    line 3
14:11:34.682 [main] INFO  com.kdt.progmrs.kdt.OrderTester - version = v1.0
14:11:34.682 [main] INFO  com.kdt.progmrs.kdt.OrderTester - property = 12
14:11:34.682 [main] INFO  com.kdt.progmrs.kdt.OrderTester - support-vendors = null
14:11:34.683 [main] INFO  com.kdt.progmrs.kdt.OrderTester - property2 = [line 1 hello world
line 2 xxxx
line 3]
14:11:34.683 [main] INFO  com.kdt.progmrs.kdt.OrderTester - version1[forBean] = v1.0
14:11:34.684 [main] INFO  com.kdt.progmrs.kdt.OrderTester - minimumOrderAmount[forBean] = 12
14:11:34.684 [main] INFO  com.kdt.progmrs.kdt.OrderTester - supportVendors[forBean] = null
14:11:34.684 [main] INFO  com.kdt.progmrs.kdt.OrderTester - description[forBean] = line 1 hello world
line 2 xxxx
line 3
14:11:34.684 [main] INFO  com.kdt.progmrs.kdt.OrderTester - voucherRepository = com.kdt.progmrs.kdt.voucher.MemoryVoucherRepository@2e54db99
14:22:59.142 [main] ERROR c.k.p.k.c.CustomerJdbcRepository - Got empty result
org.springframework.dao.EmptyResultDataAccessException: Incorrect result size: expected 1, actual 0
	at org.springframework.dao.support.DataAccessUtils.nullableSingleResult(DataAccessUtils.java:97)
	at org.springframework.jdbc.core.JdbcTemplate.queryForObject(JdbcTemplate.java:887)
	at com.kdt.progmrs.kdt.customer.CustomerJdbcRepository.findByName(CustomerJdbcRepository.java:100)
	at com.kdt.progmrs.kdt.customer.CustomerJdbcRepository$$FastClassBySpringCGLIB$$765febe6.invoke(<generated>)
	at org.springframework.cglib.proxy.MethodProxy.invoke(MethodProxy.java:218)
	at org.springframework.aop.framework.CglibAopProxy$CglibMethodInvocation.invokeJoinpoint(CglibAopProxy.java:783)
	at org.springframework.aop.framework.ReflectiveMethodInvocation.proceed(ReflectiveMethodInvocation.java:163)
	at org.springframework.aop.framework.CglibAopProxy$CglibMethodInvocation.proceed(CglibAopProxy.java:753)
	at org.springframework.dao.support.PersistenceExceptionTranslationInterceptor.invoke(PersistenceExceptionTranslationInterceptor.java:137)
	at org.springframework.aop.framework.ReflectiveMethodInvocation.proceed(ReflectiveMethodInvocation.java:186)
	at org.springframework.aop.framework.CglibAopProxy$CglibMethodInvocation.proceed(CglibAopProxy.java:753)
	at org.springframework.aop.framework.CglibAopProxy$DynamicAdvisedInterceptor.intercept(CglibAopProxy.java:698)
	at com.kdt.progmrs.kdt.customer.CustomerJdbcRepository$$EnhancerBySpringCGLIB$$6cf7936e.findByName(<generated>)
	at com.kdt.progmrs.kdt.customer.CustomerJdbcRepositoryTest.findByName(CustomerJdbcRepositoryTest.java:136)
	at java.base/jdk.internal.reflect.NativeMethodAccessorImpl.invoke0(Native Method)
	at java.base/jdk.internal.reflect.NativeMethodAccessorImpl.invoke(NativeMethodAccessorImpl.java:77)
	at java.base/jdk.internal.reflect.DelegatingMethodAccessorImpl.invoke(DelegatingMethodAccessorImpl.java:43)
	at java.base/java.lang.reflect.Method.invoke(Method.java:568)
	at org.junit.platform.commons.util.ReflectionUtils.invokeMethod(ReflectionUtils.java:725)
	at org.junit.jupiter.engine.execution.MethodInvocation.proceed(MethodInvocation.java:60)
	at org.junit.jupiter.engine.execution.InvocationInterceptorChain$ValidatingInvocation.proceed(InvocationInterceptorChain.java:131)
	at org.junit.jupiter.engine.extension.TimeoutExtension.intercept(TimeoutExtension.java:149)
	at org.junit.jupiter.engine.extension.TimeoutExtension.interceptTestableMethod(TimeoutExtension.java:140)
	at org.junit.jupiter.engine.extension.TimeoutExtension.interceptTestMethod(TimeoutExtension.java:84)
	at org.junit.jupiter.engine.execution.ExecutableInvoker$ReflectiveInterceptorCall.lambda$ofVoidMethod$0(ExecutableInvoker.java:115)
	at org.junit.jupiter.engine.execution.ExecutableInvoker.lambda$invoke$0(ExecutableInvoker.java:105)
	at org.junit.jupiter.engine.execution.InvocationInterceptorChain$InterceptedInvocation.proceed(InvocationInterceptorChain.java:106)
	at org.junit.jupiter.engine.execution.InvocationInterceptorChain.proceed(InvocationInterceptorChain.java:64)
	at org.junit.jupiter.engine.execution.InvocationInterceptorChain.chainAndInvoke(InvocationInterceptorChain.java:45)
	at org.junit.jupiter.engine.execution.InvocationInterceptorChain.invoke(InvocationInterceptorChain.java:37)
	at org.junit.jupiter.engine.execution.ExecutableInvoker.invoke(ExecutableInvoker.java:104)
	at org.junit.jupiter.engine.execution.ExecutableInvoker.invoke(ExecutableInvoker.java:98)
	at org.junit.jupiter.engine.descriptor.TestMethodTestDescriptor.lambda$invokeTestMethod$7(TestMethodTestDescriptor.java:214)
	at org.junit.platform.engine.support.hierarchical.ThrowableCollector.execute(ThrowableCollector.java:73)
	at org.junit.jupiter.engine.descriptor.TestMethodTestDescriptor.invokeTestMethod(TestMethodTestDescriptor.java:210)
	at org.junit.jupiter.engine.descriptor.TestMethodTestDescriptor.execute(TestMethodTestDescriptor.java:135)
	at org.junit.jupiter.engine.descriptor.TestMethodTestDescriptor.execute(TestMethodTestDescriptor.java:66)
	at org.junit.platform.engine.support.hierarchical.NodeTestTask.lambda$executeRecursively$6(NodeTestTask.java:151)
	at org.junit.platform.engine.support.hierarchical.ThrowableCollector.execute(ThrowableCollector.java:73)
	at org.junit.platform.engine.support.hierarchical.NodeTestTask.lambda$executeRecursively$8(NodeTestTask.java:141)
	at org.junit.platform.engine.support.hierarchical.Node.around(Node.java:137)
	at org.junit.platform.engine.support.hierarchical.NodeTestTask.lambda$executeRecursively$9(NodeTestTask.java:139)
	at org.junit.platform.engine.support.hierarchical.ThrowableCollector.execute(ThrowableCollector.java:73)
	at org.junit.platform.engine.support.hierarchical.NodeTestTask.executeRecursively(NodeTestTask.java:138)
	at org.junit.platform.engine.support.hierarchical.NodeTestTask.execute(NodeTestTask.java:95)
	at java.base/java.util.ArrayList.forEach(ArrayList.java:1511)
	at org.junit.platform.engine.support.hierarchical.SameThreadHierarchicalTestExecutorService.invokeAll(SameThreadHierarchicalTestExecutorService.java:41)
	at org.junit.platform.engine.support.hierarchical.NodeTestTask.lambda$executeRecursively$6(NodeTestTask.java:155)
	at org.junit.platform.engine.support.hierarchical.ThrowableCollector.execute(ThrowableCollector.java:73)
	at org.junit.platform.engine.support.hierarchical.NodeTestTask.lambda$executeRecursively$8(NodeTestTask.java:141)
	at org.junit.platform.engine.support.hierarchical.Node.around(Node.java:137)
	at org.junit.platform.engine.support.hierarchical.NodeTestTask.lambda$executeRecursively$9(NodeTestTask.java:139)
	at org.junit.platform.engine.support.hierarchical.ThrowableCollector.execute(ThrowableCollector.java:73)
	at org.junit.platform.engine.support.hierarchical.NodeTestTask.executeRecursively(NodeTestTask.java:138)
	at org.junit.platform.engine.support.hierarchical.NodeTestTask.execute(NodeTestTask.java:95)
	at java.base/java.util.ArrayList.forEach(ArrayList.java:1511)
	at org.junit.platform.engine.support.hierarchical.SameThreadHierarchicalTestExecutorService.invokeAll(SameThreadHierarchicalTestExecutorService.java:41)
	at org.junit.platform.engine.support.hierarchical.NodeTestTask.lambda$executeRecursively$6(NodeTestTask.java:155)
	at org.junit.platform.engine.support.hierarchical.ThrowableCollector.execute(ThrowableCollector.java:73)
	at org.junit.platform.engine.support.hierarchical.NodeTestTask.lambda$executeRecursively$8(NodeTestTask.java:141)
	at org.junit.platform.engine.support.hierarchical.Node.around(Node.java:137)
	at org.junit.platform.engine.support.hierarchical.NodeTestTask.lambda$executeRecursively$9(NodeTestTask.java:139)
	at org.junit.platform.engine.support.hierarchical.ThrowableCollector.execute(ThrowableCollector.java:73)
	at org.junit.platform.engine.support.hierarchical.NodeTestTask.executeRecursively(NodeTestTask.java:138)
	at org.junit.platform.engine.support.hierarchical.NodeTestTask.execute(NodeTestTask.java:95)
	at org.junit.platform.engine.support.hierarchical.SameThreadHierarchicalTestExecutorService.submit(SameThreadHierarchicalTestExecutorService.java:35)
	at org.junit.platform.engine.support.hierarchical.HierarchicalTestExecutor.execute(HierarchicalTestExecutor.java:57)
	at org.junit.platform.engine.support.hierarchical.HierarchicalTestEngine.execute(HierarchicalTestEngine.java:54)
	at org.junit.platform.launcher.core.EngineExecutionOrchestrator.execute(EngineExecutionOrchestrator.java:107)
	at org.junit.platform.launcher.core.EngineExecutionOrchestrator.execute(EngineExecutionOrchestrator.java:88)
	at org.junit.platform.launcher.core.EngineExecutionOrchestrator.lambda$execute$0(EngineExecutionOrchestrator.java:54)
	at org.junit.platform.launcher.core.EngineExecutionOrchestrator.withInterceptedStreams(EngineExecutionOrchestrator.java:67)
	at org.junit.platform.launcher.core.EngineExecutionOrchestrator.execute(EngineExecutionOrchestrator.java:52)
	at org.junit.platform.launcher.core.DefaultLauncher.execute(DefaultLauncher.java:114)
	at org.junit.platform.launcher.core.DefaultLauncher.execute(DefaultLauncher.java:86)
	at org.junit.platform.launcher.core.DefaultLauncherSession$DelegatingLauncher.execute(DefaultLauncherSession.java:86)
	at org.junit.platform.launcher.core.SessionPerRequestLauncher.execute(SessionPerRequestLauncher.java:53)
	at com.intellij.junit5.JUnit5IdeaTestRunner.startRunnerWithArgs(JUnit5IdeaTestRunner.java:71)
	at com.intellij.rt.junit.IdeaTestRunner$Repeater$1.execute(IdeaTestRunner.java:38)
	at com.intellij.rt.execution.junit.TestsRepeater.repeat(TestsRepeater.java:11)
	at com.intellij.rt.junit.IdeaTestRunner$Repeater.startRunnerWithArgs(IdeaTestRunner.java:35)
	at com.intellij.rt.junit.JUnitStarter.prepareStreamsAndStart(JUnitStarter.java:235)
	at com.intellij.rt.junit.JUnitStarter.main(JUnitStarter.java:54)
14:22:59.181 [main] ERROR c.k.p.k.c.CustomerJdbcRepository - Got empty result
org.springframework.dao.EmptyResultDataAccessException: Incorrect result size: expected 1, actual 0
	at org.springframework.dao.support.DataAccessUtils.nullableSingleResult(DataAccessUtils.java:97)
	at org.springframework.jdbc.core.JdbcTemplate.queryForObject(JdbcTemplate.java:887)
	at com.kdt.progmrs.kdt.customer.CustomerJdbcRepository.findByEmail(CustomerJdbcRepository.java:110)
	at com.kdt.progmrs.kdt.customer.CustomerJdbcRepository$$FastClassBySpringCGLIB$$765febe6.invoke(<generated>)
	at org.springframework.cglib.proxy.MethodProxy.invoke(MethodProxy.java:218)
	at org.springframework.aop.framework.CglibAopProxy$CglibMethodInvocation.invokeJoinpoint(CglibAopProxy.java:783)
	at org.springframework.aop.framework.ReflectiveMethodInvocation.proceed(ReflectiveMethodInvocation.java:163)
	at org.springframework.aop.framework.CglibAopProxy$CglibMethodInvocation.proceed(CglibAopProxy.java:753)
	at org.springframework.dao.support.PersistenceExceptionTranslationInterceptor.invoke(PersistenceExceptionTranslationInterceptor.java:137)
	at org.springframework.aop.framework.ReflectiveMethodInvocation.proceed(ReflectiveMethodInvocation.java:186)
	at org.springframework.aop.framework.CglibAopProxy$CglibMethodInvocation.proceed(CglibAopProxy.java:753)
	at org.springframework.aop.framework.CglibAopProxy$DynamicAdvisedInterceptor.intercept(CglibAopProxy.java:698)
	at com.kdt.progmrs.kdt.customer.CustomerJdbcRepository$$EnhancerBySpringCGLIB$$6cf7936e.findByEmail(<generated>)
	at com.kdt.progmrs.kdt.customer.CustomerJdbcRepositoryTest.findByEmail(CustomerJdbcRepositoryTest.java:145)
	at java.base/jdk.internal.reflect.NativeMethodAccessorImpl.invoke0(Native Method)
	at java.base/jdk.internal.reflect.NativeMethodAccessorImpl.invoke(NativeMethodAccessorImpl.java:77)
	at java.base/jdk.internal.reflect.DelegatingMethodAccessorImpl.invoke(DelegatingMethodAccessorImpl.java:43)
	at java.base/java.lang.reflect.Method.invoke(Method.java:568)
	at org.junit.platform.commons.util.ReflectionUtils.invokeMethod(ReflectionUtils.java:725)
	at org.junit.jupiter.engine.execution.MethodInvocation.proceed(MethodInvocation.java:60)
	at org.junit.jupiter.engine.execution.InvocationInterceptorChain$ValidatingInvocation.proceed(InvocationInterceptorChain.java:131)
	at org.junit.jupiter.engine.extension.TimeoutExtension.intercept(TimeoutExtension.java:149)
	at org.junit.jupiter.engine.extension.TimeoutExtension.interceptTestableMethod(TimeoutExtension.java:140)
	at org.junit.jupiter.engine.extension.TimeoutExtension.interceptTestMethod(TimeoutExtension.java:84)
	at org.junit.jupiter.engine.execution.ExecutableInvoker$ReflectiveInterceptorCall.lambda$ofVoidMethod$0(ExecutableInvoker.java:115)
	at org.junit.jupiter.engine.execution.ExecutableInvoker.lambda$invoke$0(ExecutableInvoker.java:105)
	at org.junit.jupiter.engine.execution.InvocationInterceptorChain$InterceptedInvocation.proceed(InvocationInterceptorChain.java:106)
	at org.junit.jupiter.engine.execution.InvocationInterceptorChain.proceed(InvocationInterceptorChain.java:64)
	at org.junit.jupiter.engine.execution.InvocationInterceptorChain.chainAndInvoke(InvocationInterceptorChain.java:45)
	at org.junit.jupiter.engine.execution.InvocationInterceptorChain.invoke(InvocationInterceptorChain.java:37)
	at org.junit.jupiter.engine.execution.ExecutableInvoker.invoke(ExecutableInvoker.java:104)
	at org.junit.jupiter.engine.execution.ExecutableInvoker.invoke(ExecutableInvoker.java:98)
	at org.junit.jupiter.engine.descriptor.TestMethodTestDescriptor.lambda$invokeTestMethod$7(TestMethodTestDescriptor.java:214)
	at org.junit.platform.engine.support.hierarchical.ThrowableCollector.execute(ThrowableCollector.java:73)
	at org.junit.jupiter.engine.descriptor.TestMethodTestDescriptor.invokeTestMethod(TestMethodTestDescriptor.java:210)
	at org.junit.jupiter.engine.descriptor.TestMethodTestDescriptor.execute(TestMethodTestDescriptor.java:135)
	at org.junit.jupiter.engine.descriptor.TestMethodTestDescriptor.execute(TestMethodTestDescriptor.java:66)
	at org.junit.platform.engine.support.hierarchical.NodeTestTask.lambda$executeRecursively$6(NodeTestTask.java:151)
	at org.junit.platform.engine.support.hierarchical.ThrowableCollector.execute(ThrowableCollector.java:73)
	at org.junit.platform.engine.support.hierarchical.NodeTestTask.lambda$executeRecursively$8(NodeTestTask.java:141)
	at org.junit.platform.engine.support.hierarchical.Node.around(Node.java:137)
	at org.junit.platform.engine.support.hierarchical.NodeTestTask.lambda$executeRecursively$9(NodeTestTask.java:139)
	at org.junit.platform.engine.support.hierarchical.ThrowableCollector.execute(ThrowableCollector.java:73)
	at org.junit.platform.engine.support.hierarchical.NodeTestTask.executeRecursively(NodeTestTask.java:138)
	at org.junit.platform.engine.support.hierarchical.NodeTestTask.execute(NodeTestTask.java:95)
	at java.base/java.util.ArrayList.forEach(ArrayList.java:1511)
	at org.junit.platform.engine.support.hierarchical.SameThreadHierarchicalTestExecutorService.invokeAll(SameThreadHierarchicalTestExecutorService.java:41)
	at org.junit.platform.engine.support.hierarchical.NodeTestTask.lambda$executeRecursively$6(NodeTestTask.java:155)
	at org.junit.platform.engine.support.hierarchical.ThrowableCollector.execute(ThrowableCollector.java:73)
	at org.junit.platform.engine.support.hierarchical.NodeTestTask.lambda$executeRecursively$8(NodeTestTask.java:141)
	at org.junit.platform.engine.support.hierarchical.Node.around(Node.java:137)
	at org.junit.platform.engine.support.hierarchical.NodeTestTask.lambda$executeRecursively$9(NodeTestTask.java:139)
	at org.junit.platform.engine.support.hierarchical.ThrowableCollector.execute(ThrowableCollector.java:73)
	at org.junit.platform.engine.support.hierarchical.NodeTestTask.executeRecursively(NodeTestTask.java:138)
	at org.junit.platform.engine.support.hierarchical.NodeTestTask.execute(NodeTestTask.java:95)
	at java.base/java.util.ArrayList.forEach(ArrayList.java:1511)
	at org.junit.platform.engine.support.hierarchical.SameThreadHierarchicalTestExecutorService.invokeAll(SameThreadHierarchicalTestExecutorService.java:41)
	at org.junit.platform.engine.support.hierarchical.NodeTestTask.lambda$executeRecursively$6(NodeTestTask.java:155)
	at org.junit.platform.engine.support.hierarchical.ThrowableCollector.execute(ThrowableCollector.java:73)
	at org.junit.platform.engine.support.hierarchical.NodeTestTask.lambda$executeRecursively$8(NodeTestTask.java:141)
	at org.junit.platform.engine.support.hierarchical.Node.around(Node.java:137)
	at org.junit.platform.engine.support.hierarchical.NodeTestTask.lambda$executeRecursively$9(NodeTestTask.java:139)
	at org.junit.platform.engine.support.hierarchical.ThrowableCollector.execute(ThrowableCollector.java:73)
	at org.junit.platform.engine.support.hierarchical.NodeTestTask.executeRecursively(NodeTestTask.java:138)
	at org.junit.platform.engine.support.hierarchical.NodeTestTask.execute(NodeTestTask.java:95)
	at org.junit.platform.engine.support.hierarchical.SameThreadHierarchicalTestExecutorService.submit(SameThreadHierarchicalTestExecutorService.java:35)
	at org.junit.platform.engine.support.hierarchical.HierarchicalTestExecutor.execute(HierarchicalTestExecutor.java:57)
	at org.junit.platform.engine.support.hierarchical.HierarchicalTestEngine.execute(HierarchicalTestEngine.java:54)
	at org.junit.platform.launcher.core.EngineExecutionOrchestrator.execute(EngineExecutionOrchestrator.java:107)
	at org.junit.platform.launcher.core.EngineExecutionOrchestrator.execute(EngineExecutionOrchestrator.java:88)
	at org.junit.platform.launcher.core.EngineExecutionOrchestrator.lambda$execute$0(EngineExecutionOrchestrator.java:54)
	at org.junit.platform.launcher.core.EngineExecutionOrchestrator.withInterceptedStreams(EngineExecutionOrchestrator.java:67)
	at org.junit.platform.launcher.core.EngineExecutionOrchestrator.execute(EngineExecutionOrchestrator.java:52)
	at org.junit.platform.launcher.core.DefaultLauncher.execute(DefaultLauncher.java:114)
	at org.junit.platform.launcher.core.DefaultLauncher.execute(DefaultLauncher.java:86)
	at org.junit.platform.launcher.core.DefaultLauncherSession$DelegatingLauncher.execute(DefaultLauncherSession.java:86)
	at org.junit.platform.launcher.core.SessionPerRequestLauncher.execute(SessionPerRequestLauncher.java:53)
	at com.intellij.junit5.JUnit5IdeaTestRunner.startRunnerWithArgs(JUnit5IdeaTestRunner.java:71)
	at com.intellij.rt.junit.IdeaTestRunner$Repeater$1.execute(IdeaTestRunner.java:38)
	at com.intellij.rt.execution.junit.TestsRepeater.repeat(TestsRepeater.java:11)
	at com.intellij.rt.junit.IdeaTestRunner$Repeater.startRunnerWithArgs(IdeaTestRunner.java:35)
	at com.intellij.rt.junit.JUnitStarter.prepareStreamsAndStart(JUnitStarter.java:235)
	at com.intellij.rt.junit.JUnitStarter.main(JUnitStarter.java:54)
15:15:22.256 [main] ERROR c.k.p.k.c.CustomerNamedJdbcRepositoryTest - Got BadSql -> PreparedStatementCallback; SQL [insert into customers(customer_id, name, email, created_at) values (UUID_TO_BIN(?), ?, ?, ?)]; Duplicate entry '8\xFE>H2TH\xEF\xA7<\xBB\x0E@\x18\x0FD' for key 'PRIMARY'; nested exception is java.sql.SQLIntegrityConstraintViolationException: Duplicate entry '8\xFE>H2TH\xEF\xA7<\xBB\x0E@\x18\x0FD' for key 'PRIMARY'
15:15:22.293 [main] ERROR c.k.p.k.c.CustomerNamedJdbcRepositoryTest - Got BadSql -> PreparedStatementCallback; SQL [insert into customers(customer_id, name, email, created_at) values (UUID_TO_BIN(?), ?, ?, ?)]; Duplicate entry '#\xBBO\x03\x1E\x8BJ!\xBE\x1C\x12T\xE1oO\x1C' for key 'PRIMARY'; nested exception is java.sql.SQLIntegrityConstraintViolationException: Duplicate entry '#\xBBO\x03\x1E\x8BJ!\xBE\x1C\x12T\xE1oO\x1C' for key 'PRIMARY'
15:15:22.303 [main] ERROR c.k.p.k.c.CustomerNamedJdbcRepositoryTest - Got BadSql -> PreparedStatementCallback; SQL [insert into customers(customer_id, name, email, created_at) values (UUID_TO_BIN(?), ?, ?, ?)]; Duplicate entry '\xCC\x1E\xF4\x05\x19\x83K\xEF\xB7\x15&\xC4\xCB{\xD9\xA4' for key 'PRIMARY'; nested exception is java.sql.SQLIntegrityConstraintViolationException: Duplicate entry '\xCC\x1E\xF4\x05\x19\x83K\xEF\xB7\x15&\xC4\xCB{\xD9\xA4' for key 'PRIMARY'
15:15:22.310 [main] ERROR c.k.p.k.c.CustomerNamedJdbcRepositoryTest - Got BadSql -> PreparedStatementCallback; SQL [insert into customers(customer_id, name, email, created_at) values (UUID_TO_BIN(?), ?, ?, ?)]; Duplicate entry '\xA9\xC5\x14\x1CH\xFA@\xE8\xB8Ot\x0A\x81]h\xDC' for key 'PRIMARY'; nested exception is java.sql.SQLIntegrityConstraintViolationException: Duplicate entry '\xA9\xC5\x14\x1CH\xFA@\xE8\xB8Ot\x0A\x81]h\xDC' for key 'PRIMARY'
15:15:22.322 [main] ERROR c.k.p.k.c.CustomerNamedJdbcRepositoryTest - Got BadSql -> PreparedStatementCallback; SQL [insert into customers(customer_id, name, email, created_at) values (UUID_TO_BIN(?), ?, ?, ?)]; Duplicate entry '\xCF\xA5\xCA\x900\xCCI*\xB7\xCC\x9C\xC7\xA3A\xD4\xA2' for key 'PRIMARY'; nested exception is java.sql.SQLIntegrityConstraintViolationException: Duplicate entry '\xCF\xA5\xCA\x900\xCCI*\xB7\xCC\x9C\xC7\xA3A\xD4\xA2' for key 'PRIMARY'
15:15:22.334 [main] ERROR c.k.p.k.c.CustomerNamedJdbcRepositoryTest - Got BadSql -> PreparedStatementCallback; SQL [insert into customers(customer_id, name, email, created_at) values (UUID_TO_BIN(?), ?, ?, ?)]; Duplicate entry '\xD2U\xD4$\x93\x0DK\xD5\xA8Lc\x8A4C\x87 ' for key 'PRIMARY'; nested exception is java.sql.SQLIntegrityConstraintViolationException: Duplicate entry '\xD2U\xD4$\x93\x0DK\xD5\xA8Lc\x8A4C\x87 ' for key 'PRIMARY'
15:15:22.344 [main] ERROR c.k.p.k.c.CustomerNamedJdbcRepositoryTest - Got BadSql -> PreparedStatementCallback; SQL [insert into customers(customer_id, name, email, created_at) values (UUID_TO_BIN(?), ?, ?, ?)]; Duplicate entry '\xEC\x1Fb\xCF*\xDCH\x84\xBA\xFEZC \x98\xB16' for key 'PRIMARY'; nested exception is java.sql.SQLIntegrityConstraintViolationException: Duplicate entry '\xEC\x1Fb\xCF*\xDCH\x84\xBA\xFEZC \x98\xB16' for key 'PRIMARY'
15:15:22.350 [main] ERROR c.k.p.k.c.CustomerNamedJdbcRepositoryTest - Got BadSql -> PreparedStatementCallback; SQL [insert into customers(customer_id, name, email, created_at) values (UUID_TO_BIN(?), ?, ?, ?)]; Duplicate entry '\xD7\xFA\x80\x88X\xD5O\x82\x93\x83\xD4\xA2e\xB3\x02g' for key 'PRIMARY'; nested exception is java.sql.SQLIntegrityConstraintViolationException: Duplicate entry '\xD7\xFA\x80\x88X\xD5O\x82\x93\x83\xD4\xA2e\xB3\x02g' for key 'PRIMARY'
15:15:22.361 [main] ERROR c.k.p.k.c.CustomerNamedJdbcRepositoryTest - Got BadSql -> PreparedStatementCallback; SQL [insert into customers(customer_id, name, email, created_at) values (UUID_TO_BIN(?), ?, ?, ?)]; Duplicate entry '\xF2\xA7\x90YD\x0FE\xAE\x91h*\:=\xE4\xC2' for key 'PRIMARY'; nested exception is java.sql.SQLIntegrityConstraintViolationException: Duplicate entry '\xF2\xA7\x90YD\x0FE\xAE\x91h*\:=\xE4\xC2' for key 'PRIMARY'
16:48:55.046 [main] INFO  c.k.p.kdt.LoggingInvocationHandler - add excecuted
16:49:05.016 [main] INFO  c.k.p.kdt.LoggingInvocationHandler - add excecuted
16:51:13.996 [main] INFO  c.k.p.kdt.LoggingInvocationHandler - add executed
16:51:13.998 [main] INFO  com.kdt.progmrs.kdt.JdkProxyTest - add -> 3
16:52:04.653 [main] INFO  c.k.p.kdt.LoggingInvocationHandler - add <-> executed
16:52:04.656 [main] INFO  com.kdt.progmrs.kdt.JdkProxyTest - add -> 3
16:52:24.754 [main] INFO  c.k.p.kdt.LoggingInvocationHandler - add <-> executed
16:52:24.756 [main] INFO  com.kdt.progmrs.kdt.JdkProxyTest - add -> 3
16:55:04.983 [main] INFO  c.k.p.kdt.LoggingInvocationHandler - add <-> executed
16:55:04.985 [main] INFO  com.kdt.progmrs.kdt.JdkProxyTest - add 3
